<?xml version="1.0" encoding="UTF-8"?>
<testsuite xmlns:xsi="http://www.w3.org/2001/XMLSchema-instance" xsi:noNamespaceSchemaLocation="https://maven.apache.org/surefire/maven-surefire-plugin/xsd/surefire-test-report-3.0.xsd" version="3.0" name="MoneyTest" time="0.057" tests="4" errors="0" skipped="0" failures="0">
  <properties>
[...]
</properties>
  <testcase name="testAdd" classname="MoneyTest" time="0.009">
    <system-out><![CDATA[Add Test
]]></system-out>
  </testcase>
  <testcase name="testAdd_Money" classname="MoneyTest" time="0.003">
    <system-out><![CDATA[Add Money Test
]]></system-out>
  </testcase>
  <testcase name="testAmount" classname="MoneyTest" time="0.003">
    <system-out><![CDATA[Amount Test
]]></system-out>
  </testcase>
  <testcase name="testCurrency" classname="MoneyTest" time="0.002">
    <system-out><![CDATA[Currency Test
]]></system-out>
  </testcase>
</testsuite>